# JRE version: Java(TM) SE Runtime Environment (8.0_66-b17) (build 1.8.0_66-b17)
# Java VM: Java HotSpot(TM) 64-Bit Server VM (25.66-b17 mixed mode windows-amd64 compressed oops)
Heap:
 PSYoungGen      total 1194496K, used 644879K [0x000000076cb00000, 0x00000007c0000000, 0x00000007c0000000)
  eden space 1024000K, 62% used [0x000000076cb00000,0x00000007940c3df0,0x00000007ab300000)
  from space 170496K, 0% used [0x00000007b5980000,0x00000007b5980000,0x00000007c0000000)
  to   space 170496K, 0% used [0x00000007ab300000,0x00000007ab300000,0x00000007b5980000)
 ParOldGen       total 2731008K, used 30641K [0x00000006c6000000, 0x000000076cb00000, 0x000000076cb00000)
  object space 2731008K, 1% used [0x00000006c6000000,0x00000006c7dec520,0x000000076cb00000)
 Metaspace       used 49025K, capacity 49592K, committed 50088K, reserved 1093632K
  class space    used 6133K, capacity 6264K, committed 6312K, reserved 1048576K
GC Heap History (8 events):
Event: 3.684 GC heap before
{Heap before GC invocations=1 (full 0):
 PSYoungGen      total 1194496K, used 307201K [0x000000076cb00000, 0x00000007c0000000, 0x00000007c0000000)
  eden space 1024000K, 30% used [0x000000076cb00000,0x000000077f7005e0,0x00000007ab300000)
  from space 170496K, 0% used [0x00000007b5980000,0x00000007b5980000,0x00000007c0000000)
  to   space 170496K, 0% used [0x00000007ab300000,0x00000007ab300000,0x00000007b5980000)
 ParOldGen       total 2731008K, used 0K [0x00000006c6000000, 0x000000076cb00000, 0x000000076cb00000)
  object space 2731008K, 0% used [0x00000006c6000000,0x00000006c6000000,0x000000076cb00000)
 Metaspace       used 20916K, capacity 21138K, committed 21296K, reserved 1069056K
  class space    used 2524K, capacity 2568K, committed 2608K, reserved 1048576K
Event: 3.708 GC heap after
Heap after GC invocations=1 (full 0):
 PSYoungGen      total 1194496K, used 18474K [0x000000076cb00000, 0x00000007c0000000, 0x00000007c0000000)
  eden space 1024000K, 0% used [0x000000076cb00000,0x000000076cb00000,0x00000007ab300000)
  from space 170496K, 10% used [0x00000007ab300000,0x00000007ac50aa08,0x00000007b5980000)
  to   space 170496K, 0% used [0x00000007b5980000,0x00000007b5980000,0x00000007c0000000)
 ParOldGen       total 2731008K, used 80K [0x00000006c6000000, 0x000000076cb00000, 0x000000076cb00000)
  object space 2731008K, 0% used [0x00000006c6000000,0x00000006c6014010,0x000000076cb00000)
 Metaspace       used 20916K, capacity 21138K, committed 21296K, reserved 1069056K
  class space    used 2524K, capacity 2568K, committed 2608K, reserved 1048576K
}
Event: 3.708 GC heap before
{Heap before GC invocations=2 (full 1):
 PSYoungGen      total 1194496K, used 18474K [0x000000076cb00000, 0x00000007c0000000, 0x00000007c0000000)
  eden space 1024000K, 0% used [0x000000076cb00000,0x000000076cb00000,0x00000007ab300000)
  from space 170496K, 10% used [0x00000007ab300000,0x00000007ac50aa08,0x00000007b5980000)
  to   space 170496K, 0% used [0x00000007b5980000,0x00000007b5980000,0x00000007c0000000)
 ParOldGen       total 2731008K, used 80K [0x00000006c6000000, 0x000000076cb00000, 0x000000076cb00000)
  object space 2731008K, 0% used [0x00000006c6000000,0x00000006c6014010,0x000000076cb00000)
 Metaspace       used 20916K, capacity 21138K, committed 21296K, reserved 1069056K
  class space    used 2524K, capacity 2568K, committed 2608K, reserved 1048576K
Event: 3.757 GC heap after
Heap after GC invocations=2 (full 1):
 PSYoungGen      total 1194496K, used 0K [0x000000076cb00000, 0x00000007c0000000, 0x00000007c0000000)
  eden space 1024000K, 0% used [0x000000076cb00000,0x000000076cb00000,0x00000007ab300000)
  from space 170496K, 0% used [0x00000007ab300000,0x00000007ab300000,0x00000007b5980000)
  to   space 170496K, 0% used [0x00000007b5980000,0x00000007b5980000,0x00000007c0000000)
 ParOldGen       total 2731008K, used 17812K [0x00000006c6000000, 0x000000076cb00000, 0x000000076cb00000)
  object space 2731008K, 0% used [0x00000006c6000000,0x00000006c7165070,0x000000076cb00000)
 Metaspace       used 20916K, capacity 21138K, committed 21296K, reserved 1069056K
  class space    used 2524K, capacity 2568K, committed 2608K, reserved 1048576K
}
Event: 305.743 GC heap before
{Heap before GC invocations=3 (full 1):
 PSYoungGen      total 1194496K, used 541684K [0x000000076cb00000, 0x00000007c0000000, 0x00000007c0000000)
  eden space 1024000K, 52% used [0x000000076cb00000,0x000000078dbfd110,0x00000007ab300000)
  from space 170496K, 0% used [0x00000007ab300000,0x00000007ab300000,0x00000007b5980000)
  to   space 170496K, 0% used [0x00000007b5980000,0x00000007b5980000,0x00000007c0000000)
 ParOldGen       total 2731008K, used 17812K [0x00000006c6000000, 0x000000076cb00000, 0x000000076cb00000)
  object space 2731008K, 0% used [0x00000006c6000000,0x00000006c7165070,0x000000076cb00000)
 Metaspace       used 34830K, capacity 35276K, committed 35496K, reserved 1081344K
  class space    used 4314K, capacity 4417K, committed 4520K, reserved 1048576K
Event: 305.809 GC heap after
Heap after GC invocations=3 (full 1):
 PSYoungGen      total 1194496K, used 22524K [0x000000076cb00000, 0x00000007c0000000, 0x00000007c0000000)
  eden space 1024000K, 0% used [0x000000076cb00000,0x000000076cb00000,0x00000007ab300000)
  from space 170496K, 13% used [0x00000007b5980000,0x00000007b6f7f158,0x00000007c0000000)
  to   space 170496K, 0% used [0x00000007ab300000,0x00000007ab300000,0x00000007b5980000)
 ParOldGen       total 2731008K, used 17820K [0x00000006c6000000, 0x000000076cb00000, 0x000000076cb00000)
  object space 2731008K, 0% used [0x00000006c6000000,0x00000006c7167070,0x000000076cb00000)
 Metaspace       used 34830K, capacity 35276K, committed 35496K, reserved 1081344K
  class space    used 4314K, capacity 4417K, committed 4520K, reserved 1048576K
}
Event: 305.809 GC heap before
{Heap before GC invocations=4 (full 2):
 PSYoungGen      total 1194496K, used 22524K [0x000000076cb00000, 0x00000007c0000000, 0x00000007c0000000)
  eden space 1024000K, 0% used [0x000000076cb00000,0x000000076cb00000,0x00000007ab300000)
  from space 170496K, 13% used [0x00000007b5980000,0x00000007b6f7f158,0x00000007c0000000)
  to   space 170496K, 0% used [0x00000007ab300000,0x00000007ab300000,0x00000007b5980000)
 ParOldGen       total 2731008K, used 17820K [0x00000006c6000000, 0x000000076cb00000, 0x000000076cb00000)
  object space 2731008K, 0% used [0x00000006c6000000,0x00000006c7167070,0x000000076cb00000)
 Metaspace       used 34830K, capacity 35276K, committed 35496K, reserved 1081344K
  class space    used 4314K, capacity 4417K, committed 4520K, reserved 1048576K
Event: 305.979 GC heap after
Heap after GC invocations=4 (full 2):
 PSYoungGen      total 1194496K, used 0K [0x000000076cb00000, 0x00000007c0000000, 0x00000007c0000000)
  eden space 1024000K, 0% used [0x000000076cb00000,0x000000076cb00000,0x00000007ab300000)
  from space 170496K, 0% used [0x00000007b5980000,0x00000007b5980000,0x00000007c0000000)
  to   space 170496K, 0% used [0x00000007ab300000,0x00000007ab300000,0x00000007b5980000)
 ParOldGen       total 2731008K, used 30641K [0x00000006c6000000, 0x000000076cb00000, 0x000000076cb00000)
  object space 2731008K, 1% used [0x00000006c6000000,0x00000006c7dec520,0x000000076cb00000)
 Metaspace       used 34830K, capacity 35276K, committed 35496K, reserved 1081344K
  class space    used 4314K, capacity 4417K, committed 4520K, reserved 1048576K
}

