# JRE version: Java(TM) SE Runtime Environment (8.0_66-b17) (build 1.8.0_66-b17)
# Java VM: Java HotSpot(TM) 64-Bit Server VM (25.66-b17 mixed mode windows-amd64 compressed oops)
Heap:
 PSYoungGen      total 1194496K, used 596520K [0x000000076cb00000, 0x00000007c0000000, 0x00000007c0000000)
  eden space 1024000K, 58% used [0x000000076cb00000,0x000000079118a170,0x00000007ab300000)
  from space 170496K, 0% used [0x00000007b5980000,0x00000007b5980000,0x00000007c0000000)
  to   space 170496K, 0% used [0x00000007ab300000,0x00000007ab300000,0x00000007b5980000)
 ParOldGen       total 2731008K, used 30453K [0x00000006c6000000, 0x000000076cb00000, 0x000000076cb00000)
  object space 2731008K, 1% used [0x00000006c6000000,0x00000006c7dbd508,0x000000076cb00000)
 Metaspace       used 45844K, capacity 46474K, committed 46848K, reserved 1089536K
  class space    used 5700K, capacity 5871K, committed 5888K, reserved 1048576K
GC Heap History (8 events):
Event: 3.666 GC heap before
{Heap before GC invocations=1 (full 0):
 PSYoungGen      total 1194496K, used 307209K [0x000000076cb00000, 0x00000007c0000000, 0x00000007c0000000)
  eden space 1024000K, 30% used [0x000000076cb00000,0x000000077f702578,0x00000007ab300000)
  from space 170496K, 0% used [0x00000007b5980000,0x00000007b5980000,0x00000007c0000000)
  to   space 170496K, 0% used [0x00000007ab300000,0x00000007ab300000,0x00000007b5980000)
 ParOldGen       total 2731008K, used 0K [0x00000006c6000000, 0x000000076cb00000, 0x000000076cb00000)
  object space 2731008K, 0% used [0x00000006c6000000,0x00000006c6000000,0x000000076cb00000)
 Metaspace       used 20901K, capacity 21086K, committed 21296K, reserved 1069056K
  class space    used 2523K, capacity 2586K, committed 2688K, reserved 1048576K
Event: 3.732 GC heap after
Heap after GC invocations=1 (full 0):
 PSYoungGen      total 1194496K, used 19054K [0x000000076cb00000, 0x00000007c0000000, 0x00000007c0000000)
  eden space 1024000K, 0% used [0x000000076cb00000,0x000000076cb00000,0x00000007ab300000)
  from space 170496K, 11% used [0x00000007ab300000,0x00000007ac59b8e8,0x00000007b5980000)
  to   space 170496K, 0% used [0x00000007b5980000,0x00000007b5980000,0x00000007c0000000)
 ParOldGen       total 2731008K, used 8K [0x00000006c6000000, 0x000000076cb00000, 0x000000076cb00000)
  object space 2731008K, 0% used [0x00000006c6000000,0x00000006c6002000,0x000000076cb00000)
 Metaspace       used 20901K, capacity 21086K, committed 21296K, reserved 1069056K
  class space    used 2523K, capacity 2586K, committed 2688K, reserved 1048576K
}
Event: 3.732 GC heap before
{Heap before GC invocations=2 (full 1):
 PSYoungGen      total 1194496K, used 19054K [0x000000076cb00000, 0x00000007c0000000, 0x00000007c0000000)
  eden space 1024000K, 0% used [0x000000076cb00000,0x000000076cb00000,0x00000007ab300000)
  from space 170496K, 11% used [0x00000007ab300000,0x00000007ac59b8e8,0x00000007b5980000)
  to   space 170496K, 0% used [0x00000007b5980000,0x00000007b5980000,0x00000007c0000000)
 ParOldGen       total 2731008K, used 8K [0x00000006c6000000, 0x000000076cb00000, 0x000000076cb00000)
  object space 2731008K, 0% used [0x00000006c6000000,0x00000006c6002000,0x000000076cb00000)
 Metaspace       used 20901K, capacity 21086K, committed 21296K, reserved 1069056K
  class space    used 2523K, capacity 2586K, committed 2688K, reserved 1048576K
Event: 3.839 GC heap after
Heap after GC invocations=2 (full 1):
 PSYoungGen      total 1194496K, used 0K [0x000000076cb00000, 0x00000007c0000000, 0x00000007c0000000)
  eden space 1024000K, 0% used [0x000000076cb00000,0x000000076cb00000,0x00000007ab300000)
  from space 170496K, 0% used [0x00000007ab300000,0x00000007ab300000,0x00000007b5980000)
  to   space 170496K, 0% used [0x00000007b5980000,0x00000007b5980000,0x00000007c0000000)
 ParOldGen       total 2731008K, used 18274K [0x00000006c6000000, 0x000000076cb00000, 0x000000076cb00000)
  object space 2731008K, 0% used [0x00000006c6000000,0x00000006c71d89b8,0x000000076cb00000)
 Metaspace       used 20901K, capacity 21086K, committed 21296K, reserved 1069056K
  class space    used 2523K, capacity 2586K, committed 2688K, reserved 1048576K
}
Event: 30.842 GC heap before
{Heap before GC invocations=3 (full 1):
 PSYoungGen      total 1194496K, used 541702K [0x000000076cb00000, 0x00000007c0000000, 0x00000007c0000000)
  eden space 1024000K, 52% used [0x000000076cb00000,0x000000078dc01ad0,0x00000007ab300000)
  from space 170496K, 0% used [0x00000007ab300000,0x00000007ab300000,0x00000007b5980000)
  to   space 170496K, 0% used [0x00000007b5980000,0x00000007b5980000,0x00000007c0000000)
 ParOldGen       total 2731008K, used 18274K [0x00000006c6000000, 0x000000076cb00000, 0x000000076cb00000)
  object space 2731008K, 0% used [0x00000006c6000000,0x00000006c71d89b8,0x000000076cb00000)
 Metaspace       used 34848K, capacity 35280K, committed 35456K, reserved 1081344K
  class space    used 4310K, capacity 4417K, committed 4480K, reserved 1048576K
Event: 31.018 GC heap after
Heap after GC invocations=3 (full 1):
 PSYoungGen      total 1194496K, used 22134K [0x000000076cb00000, 0x00000007c0000000, 0x00000007c0000000)
  eden space 1024000K, 0% used [0x000000076cb00000,0x000000076cb00000,0x00000007ab300000)
  from space 170496K, 12% used [0x00000007b5980000,0x00000007b6f1d9a8,0x00000007c0000000)
  to   space 170496K, 0% used [0x00000007ab300000,0x00000007ab300000,0x00000007b5980000)
 ParOldGen       total 2731008K, used 18282K [0x00000006c6000000, 0x000000076cb00000, 0x000000076cb00000)
  object space 2731008K, 0% used [0x00000006c6000000,0x00000006c71da9b8,0x000000076cb00000)
 Metaspace       used 34848K, capacity 35280K, committed 35456K, reserved 1081344K
  class space    used 4310K, capacity 4417K, committed 4480K, reserved 1048576K
}
Event: 31.018 GC heap before
{Heap before GC invocations=4 (full 2):
 PSYoungGen      total 1194496K, used 22134K [0x000000076cb00000, 0x00000007c0000000, 0x00000007c0000000)
  eden space 1024000K, 0% used [0x000000076cb00000,0x000000076cb00000,0x00000007ab300000)
  from space 170496K, 12% used [0x00000007b5980000,0x00000007b6f1d9a8,0x00000007c0000000)
  to   space 170496K, 0% used [0x00000007ab300000,0x00000007ab300000,0x00000007b5980000)
 ParOldGen       total 2731008K, used 18282K [0x00000006c6000000, 0x000000076cb00000, 0x000000076cb00000)
  object space 2731008K, 0% used [0x00000006c6000000,0x00000006c71da9b8,0x000000076cb00000)
 Metaspace       used 34848K, capacity 35280K, committed 35456K, reserved 1081344K
  class space    used 4310K, capacity 4417K, committed 4480K, reserved 1048576K
Event: 31.332 GC heap after
Heap after GC invocations=4 (full 2):
 PSYoungGen      total 1194496K, used 0K [0x000000076cb00000, 0x00000007c0000000, 0x00000007c0000000)
  eden space 1024000K, 0% used [0x000000076cb00000,0x000000076cb00000,0x00000007ab300000)
  from space 170496K, 0% used [0x00000007b5980000,0x00000007b5980000,0x00000007c0000000)
  to   space 170496K, 0% used [0x00000007ab300000,0x00000007ab300000,0x00000007b5980000)
 ParOldGen       total 2731008K, used 30453K [0x00000006c6000000, 0x000000076cb00000, 0x000000076cb00000)
  object space 2731008K, 1% used [0x00000006c6000000,0x00000006c7dbd508,0x000000076cb00000)
 Metaspace       used 34848K, capacity 35280K, committed 35456K, reserved 1081344K
  class space    used 4310K, capacity 4417K, committed 4480K, reserved 1048576K
}

